<?xml version="1.0" encoding="UTF-8"?>
<testsuite name="com.scotiabankcolpatria.hiring.CreditRiskAssessmentTest" tests="9" skipped="0" failures="0" errors="0" timestamp="2022-07-30T02:36:42" hostname="DESKTOP-I08G1G4" time="0.025">
  <properties/>
  <testcase name="latePaymentProbabilityByPeriodTest1()" classname="com.scotiabankcolpatria.hiring.CreditRiskAssessmentTest" time="0.011"/>
  <testcase name="latePaymentProbabilityByPeriodTest2()" classname="com.scotiabankcolpatria.hiring.CreditRiskAssessmentTest" time="0.0"/>
  <testcase name="standardDeviationTest2()" classname="com.scotiabankcolpatria.hiring.CreditRiskAssessmentTest" time="0.006"/>
  <testcase name="standardDeviationTest()" classname="com.scotiabankcolpatria.hiring.CreditRiskAssessmentTest" time="0.0"/>
  <testcase name="maxPeakTest1()" classname="com.scotiabankcolpatria.hiring.CreditRiskAssessmentTest" time="0.0"/>
  <testcase name="maxPeakTest2()" classname="com.scotiabankcolpatria.hiring.CreditRiskAssessmentTest" time="0.001"/>
  <testcase name="maxPeakTest3()" classname="com.scotiabankcolpatria.hiring.CreditRiskAssessmentTest" time="0.001"/>
  <testcase name="maxPeakTest4()" classname="com.scotiabankcolpatria.hiring.CreditRiskAssessmentTest" time="0.001"/>
  <testcase name="maxPeakTest5()" classname="com.scotiabankcolpatria.hiring.CreditRiskAssessmentTest" time="0.001"/>
  <system-out><![CDATA[Elements are:
-5
1
8
7
2
Elements are:
0
1
3
1
0
5
0
3
2
3
La anomalia con el pico mas alto se encuentra en la posicion 6con el valor de 10
La anomalia con el pico mas alto se encuentra en la posicion 5con el valor de 10
La anomalia con el pico mas alto se encuentra en la posicion 3con el valor de 1
La anomalia con el pico mas alto se encuentra en la posicion 7con el valor de 3
La anomalia con el pico mas alto se encuentra en la posicion 1con el valor de 18
]]></system-out>
  <system-err><![CDATA[]]></system-err>
</testsuite>
